<?xml version="1.0" encoding="UTF-8"?>
<!-- Generated by org.testng.reporters.JUnitReportReporter -->
<testsuite hostname="Poonam" failures="0" tests="1" name="com.tests.DemoTest" time="0.008" errors="0" timestamp="28 Sep 2022 07:18:57 GMT" skipped="0">
  <testcase classname="com.tests.DemoTest" name="test01" time="0.008"/>
</testsuite> <!-- com.tests.DemoTest -->
